<?xml version="1.0" encoding="UTF-8"?>
<!-- Generated by org.testng.reporters.JUnitReportReporter -->
<testsuite skipped="3" hostname="DESKTOP-0NJPTMA" name="com.costco.qa.tests.HomePageTest" tests="3" failures="0" timestamp="14 Nov 2020 04:18:41 GMT" time="0.000" errors="0">
  <testcase name="searchBoxTest" time="0.000" classname="com.costco.qa.tests.HomePageTest">
    <skipped/>
  </testcase> <!-- searchBoxTest -->
  <testcase name="titleTest" time="0.000" classname="com.costco.qa.tests.HomePageTest">
    <skipped/>
  </testcase> <!-- titleTest -->
  <testcase name="logoTest" time="0.000" classname="com.costco.qa.tests.HomePageTest">
    <skipped/>
  </testcase> <!-- logoTest -->
</testsuite> <!-- com.costco.qa.tests.HomePageTest -->
