<?xml version="1.0" encoding="UTF-8"?>
<!-- Generated by org.testng.reporters.JUnitReportReporter -->
<testsuite skipped="0" hostname="DESKTOP-0NJPTMA" name="com.costco.qa.tests.HomePageTest" tests="2" failures="0" timestamp="17 Mar 2020 03:56:55 GMT" time="34.639" errors="0">
  <testcase name="searchBoxTest" time="18.819" classname="com.costco.qa.tests.HomePageTest"/>
  <testcase name="logoTest" time="15.820" classname="com.costco.qa.tests.HomePageTest"/>
</testsuite> <!-- com.costco.qa.tests.HomePageTest -->
