<?xml version="1.0" encoding="UTF-8"?>
<!-- Generated by org.testng.reporters.JUnitReportReporter -->
<testsuite skipped="0" hostname="DESKTOP-0NJPTMA" name="com.costco.qa.tests.ShopAllDeptPageTest" tests="1" failures="0" timestamp="17 Mar 2020 03:56:55 GMT" time="46.801" errors="0">
  <testcase name="verifyShopAllDeptPageTitle" time="46.801" classname="com.costco.qa.tests.ShopAllDeptPageTest"/>
</testsuite> <!-- com.costco.qa.tests.ShopAllDeptPageTest -->
